<?xml version="1.0" encoding="UTF-8"?>
<!-- Generated by org.testng.reporters.JUnitReportReporter -->
<testsuite skipped="0" hostname="LAPTOP-NIGQQIDH" name="com.acme_test_uipath.tests.TaxResults" tests="1" failures="0" timestamp="2020-01-05T15:27:22 IST" time="21.198" errors="0">
  <testcase name="printTaxDetails" time="21.198" classname="com.acme_test_uipath.tests.TaxResults"/>
</testsuite> <!-- com.acme_test_uipath.tests.TaxResults -->
