<?xml version="1.0" encoding="UTF-8"?>
<!-- Generated by org.testng.reporters.JUnitReportReporter -->
<testsuite skipped="0" hostname="LAPTOP-NIGQQIDH" name="com.acme_test_uipath.tests.TaxResultsWithFireFox" tests="1" failures="0" timestamp="2020-01-05T16:40:46 IST" time="19.921" errors="0">
  <testcase name="printTaxDetails" time="19.921" classname="com.acme_test_uipath.tests.TaxResultsWithFireFox"/>
</testsuite> <!-- com.acme_test_uipath.tests.TaxResultsWithFireFox -->
